18:18:46.580 [main] DEBUG org.intocps.maestro.Mabl - Frameworks: [FMI2]
18:18:46.655 [main] INFO  org.intocps.maestro.MablSpecificationGenerator - 	Imports [ JacobianStepBuilder , JacobianStepBuilder3 , Initializer , DebugLogging , TypeConverter , DataWriter , FMI2 , FMI3 , Math , ArrayUtil , Logger , BooleanLogic , MEnv ]
18:18:46.895 [main] DEBUG org.intocps.maestro.MablSpecificationGenerator - Located plugins: TypeConverter - 0.0.1
18:18:46.895 [main] DEBUG org.intocps.maestro.MablSpecificationGenerator - Located plugins: JacobianStepBuilder - 1.1.0
18:18:46.895 [main] DEBUG org.intocps.maestro.MablSpecificationGenerator - Located plugins: Initializer - 0.0.0
18:18:46.895 [main] DEBUG org.intocps.maestro.MablSpecificationGenerator - Located plugins: JacobianStepBuilder3 - 1.1.0
18:18:46.896 [main] DEBUG org.intocps.maestro.MablSpecificationGenerator - Located plugins: FixedStep - 0.0.1
18:18:46.896 [main] DEBUG org.intocps.maestro.MablSpecificationGenerator - Located plugins: DebugLogging - 0.0.1
18:18:46.896 [main] DEBUG org.intocps.maestro.MablSpecificationGenerator - Located plugins: Sigver - 0.0.1
18:18:46.907 [main] DEBUG org.intocps.maestro.MablSpecificationGenerator - The following plugins will be used for unfolding: [TypeConverter-0.0.1,JacobianStepBuilder-1.1.0,Initializer-0.0.0,JacobianStepBuilder3-1.1.0,DebugLogging-0.0.1]
18:18:46.909 [main] DEBUG org.intocps.maestro.MablSpecificationGenerator - Plugins declared functions: 
[
TypeConverter-0.0.1
	void convertInteger2Boolean(int from, bool to),
	void convertBoolean2Real(bool from, real to),
	void convertReal2Boolean(real from, bool to),
	void convertBoolean2Integer(bool from, int to),
JacobianStepBuilder-1.1.0
	void variableStepSize(FMI2Component[] component, real initSize, real startTime, real endTime, bool endTimeDefined),
	void fixedStepSizeTransfer(FMI2Component[] component, real stepSize, real startTime, real endTime, bool endTimeDefined),
	void fixedStepSize(FMI2Component[] component, real stepSize, real startTime, real endTime, bool endTimeDefined),
Initializer-0.0.0
	void initialize(FMI2Component[] component, real startTime, real endTime, bool endTimeDefined),
	void initialize_transfer(FMI2Component[] component, FMI2Component[] component, real startTime, real endTime, bool endTimeDefined),
	void initialize23(FMI2Component[] component, FMI3Instance[] instances, real startTime, real endTime, bool endTimeDefined),
JacobianStepBuilder3-1.1.0
	void fixedStep3Size(FMI2Component[] component, FMI3Instance[] component, real stepSize, real startTime, real endTime, bool endTimeDefined),
DebugLogging-0.0.1
	void disableDebugLogging(FMI2Component component, string[] categories, uint categoriesSize),
	void enableDebugLogging(FMI2Component component, string[] categories, uint categoriesSize)
]
18:18:46.972 [main] DEBUG org.intocps.maestro.MablSpecificationGenerator - Externals [ initialize , fixedStepSizeTransfer ]
18:18:46.977 [main] DEBUG org.intocps.maestro.MablSpecificationGenerator - Replacing external 'initialize' with unfoled statement 'initialize' from plugin: Initializer 0.0.0
18:18:47.028 [main] DEBUG org.intocps.maestro.plugin.initializer.Initializer - Setup experiment for all components
18:18:47.159 [main] DEBUG org.intocps.maestro.plugin.initializer.Initializer - Enter initialization Mode
18:18:47.204 [main] DEBUG org.intocps.maestro.MablSpecificationGenerator - Replacing external 'fixedStepSizeTransfer' with unfoled statement 'fixedStepSizeTransfer' from plugin: JacobianStepBuilder 1.1.0
18:18:47.217 [main] INFO  org.intocps.maestro.plugin.JacobianStepBuilder - Unfolding with jacobian step: void fixedStepSizeTransfer(FMI2Component[] component, real stepSize, real startTime, real endTime, bool endTimeDefined)
18:18:47.218 [main] DEBUG org.intocps.maestro.plugin.JacobianStepBuilder - Activated mode transfer
18:18:47.657 [main] DEBUG org.intocps.maestro.Mabl - Type checking
18:18:47.791 [main] DEBUG org.intocps.maestro.Mabl - Loaded verifiers: Fmi2ModelDescriptionVerifier - 0.0.0
18:18:47.791 [main] DEBUG org.intocps.maestro.Mabl - Loaded verifiers: NativeVerifier - 0.0.0
18:18:47.792 [main] INFO  org.intocps.maestro.Mabl - Verifying with Fmi2ModelDescriptionVerifier - 0.0.0
18:18:49.067 [main] INFO  org.intocps.maestro.Mabl - Verifying with NativeVerifier - 0.0.0
18:18:49.092 [main] INFO  org.intocps.maestro.interpreter.MableInterpreter - Starting Mable Interpreter...
18:18:49.111 [main] DEBUG org.intocps.fmi.jnifmuapi.NativeFmu - Load FMU /workspace/digital_twins/solar-panel/models/optimizer.fmu
18:18:49.111 [main] DEBUG org.intocps.fmi.jnifmuapi.NativeFmu - Extracting: /workspace/digital_twins/solar-panel/models/optimizer.fmu to /tmp/optimizer7817293259563681945
18:18:49.151 [main] DEBUG org.intocps.fmi.jnifmuapi.NativeFmu - Extracted '/workspace/digital_twins/solar-panel/models/optimizer.fmu' to '/tmp/optimizer7817293259563681945'
18:18:49.155 [main] DEBUG org.intocps.fmi.jnifmuapi.shared.NativeLoadManager - Loading FMU library: /tmp/optimizer7817293259563681945/binaries/linux64/Optimizer.so
18:18:49.156 [main] DEBUG org.intocps.fmi.jnifmuapi.NativeFmuLibraryLoader - Loading library: lib/Linux-amd64/libfmuapi.so
18:18:49.157 [main] DEBUG org.intocps.fmi.jnifmuapi.shared.NativeLibraryLoader - Extracting library from: lib/Linux-amd64/libfmuapi.so
18:18:49.166 [main] DEBUG org.intocps.fmi.jnifmuapi.shared.NativeLibraryLoader - Extracted library: /tmp/jnifmuapi16161293492690502579/jnifmuapi-Linux-amd64/libfmuapi.so
