18:42:40.664 [main] DEBUG org.intocps.maestro.Mabl - Frameworks: [FMI2]
18:42:40.729 [main] INFO  org.intocps.maestro.MablSpecificationGenerator - 	Imports [ JacobianStepBuilder , Initializer , DebugLogging , TypeConverter , DataWriter , FMI2 , Math , ArrayUtil , Logger , BooleanLogic , MEnv ]
18:42:40.936 [main] DEBUG org.intocps.maestro.MablSpecificationGenerator - Located plugins: TypeConverter - 0.0.1
18:42:40.936 [main] DEBUG org.intocps.maestro.MablSpecificationGenerator - Located plugins: DebugLogging - 0.0.1
18:42:40.936 [main] DEBUG org.intocps.maestro.MablSpecificationGenerator - Located plugins: Sigver - 0.0.1
18:42:40.936 [main] DEBUG org.intocps.maestro.MablSpecificationGenerator - Located plugins: FixedStep - 0.0.1
18:42:40.936 [main] DEBUG org.intocps.maestro.MablSpecificationGenerator - Located plugins: JacobianStepBuilder - 0.1.1
18:42:40.937 [main] DEBUG org.intocps.maestro.MablSpecificationGenerator - Located plugins: Initializer - 0.0.0
18:42:40.948 [main] DEBUG org.intocps.maestro.MablSpecificationGenerator - The following plugins will be used for unfolding: [TypeConverter-0.0.1,DebugLogging-0.0.1,JacobianStepBuilder-0.1.1,Initializer-0.0.0]
18:42:40.949 [main] DEBUG org.intocps.maestro.MablSpecificationGenerator - Plugins declared functions: 
[
TypeConverter-0.0.1
	void convertBoolean2Real(bool from, real to),
	void convertReal2Boolean(real from, bool to),
	void convertBoolean2Integer(bool from, int to),
	void convertInteger2Boolean(int from, bool to),
DebugLogging-0.0.1
	void enableDebugLogging(FMI2Component component, string[] categories, uint categoriesSize),
	void disableDebugLogging(FMI2Component component, string[] categories, uint categoriesSize),
JacobianStepBuilder-0.1.1
	void fixedStepSize(FMI2Component[] component, real stepSize, real startTime, real endTime),
	void fixedStepSizeTransfer(FMI2Component[] component, real stepSize, real startTime, real endTime),
	void variableStepSize(FMI2Component[] component, real initSize, real startTime, real endTime),
Initializer-0.0.0
	void initialize(FMI2Component[] component, real startTime, real endTime),
	void initialize_transfer(FMI2Component[] component, FMI2Component[] component, real startTime, real endTime)
]
18:42:40.997 [main] DEBUG org.intocps.maestro.MablSpecificationGenerator - Externals [ initialize , fixedStepSizeTransfer ]
18:42:41.007 [main] DEBUG org.intocps.maestro.MablSpecificationGenerator - Replacing external 'initialize' with unfoled statement 'initialize' from plugin: Initializer 0.0.0
18:42:41.066 [main] DEBUG org.intocps.maestro.plugin.initializer.Initializer - Setup experiment for all components
18:42:41.174 [main] DEBUG org.intocps.maestro.plugin.initializer.Initializer - Enter initialization Mode
18:42:41.178 [main] WARN  org.intocps.maestro.framework.fmi2.api.mabl.variables.ComponentVariableFmi2Api - Filter for setLinked contains unlined port. Its ignored. Port( 'opt.start_mode' , 'Integer')
18:42:41.178 [main] WARN  org.intocps.maestro.framework.fmi2.api.mabl.variables.ComponentVariableFmi2Api - No linked input variables for FMU instance: opt
18:42:41.215 [main] DEBUG org.intocps.maestro.MablSpecificationGenerator - Replacing external 'fixedStepSizeTransfer' with unfoled statement 'fixedStepSizeTransfer' from plugin: JacobianStepBuilder 0.1.1
18:42:41.228 [main] INFO  org.intocps.maestro.plugin.JacobianStepBuilder - Unfolding with jacobian step: void fixedStepSizeTransfer(FMI2Component[] component, real stepSize, real startTime, real endTime)
18:42:41.229 [main] DEBUG org.intocps.maestro.plugin.JacobianStepBuilder - Activated model transfer
18:42:41.623 [main] DEBUG org.intocps.maestro.Mabl - Type checking
18:42:41.742 [main] DEBUG org.intocps.maestro.Mabl - Loaded verifiers: Fmi2ModelDescriptionVerifier - 0.0.0
18:42:41.742 [main] DEBUG org.intocps.maestro.Mabl - Loaded verifiers: NativeVerifier - 0.0.0
18:42:41.743 [main] INFO  org.intocps.maestro.Mabl - Verifying with Fmi2ModelDescriptionVerifier - 0.0.0
18:42:42.546 [main] INFO  org.intocps.maestro.Mabl - Verifying with NativeVerifier - 0.0.0
18:42:42.560 [main] INFO  org.intocps.maestro.interpreter.MableInterpreter - Starting Mable Interpreter...
18:42:42.578 [main] DEBUG org.intocps.fmi.jnifmuapi.shared.NativeLoadManager - Loading FMU library: /workspace/digital_twins/solar-panel/models/optimizer_unpacked/binaries/linux64/Optimizer.so
18:42:42.579 [main] DEBUG org.intocps.fmi.jnifmuapi.NativeFmuLibraryLoader - Loading library: lib/Linux-amd64/libfmuapi.so
18:42:42.580 [main] DEBUG org.intocps.fmi.jnifmuapi.shared.NativeLibraryLoader - Extracting library from: lib/Linux-amd64/libfmuapi.so
18:42:42.588 [main] DEBUG org.intocps.fmi.jnifmuapi.shared.NativeLibraryLoader - Extracted library: /tmp/jnifmuapi18371466796429796898/jnifmuapi-Linux-amd64/libfmuapi.so
18:42:42.589 [main] DEBUG org.intocps.fmi.jnifmuapi.NativeFmuLibraryLoader - Loaded Library file: /tmp/jnifmuapi18371466796429796898/jnifmuapi-Linux-amd64/libfmuapi.so
18:42:42.592 [main] INFO  org.intocps.maestro.interpreter.Interpreter - Error in simulation: optimizer IS NULL 
18:42:42.592 [main] INFO  org.intocps.maestro.interpreter.Interpreter - Continuing with finally
